#-----------------------------------------------------------
# Vivado v2020.2 (64-bit)
# SW Build 3064766 on Wed Nov 18 09:12:45 MST 2020
# IP Build 3064653 on Wed Nov 18 14:17:31 MST 2020
# Start of session at: Wed Apr 19 09:19:32 2023
# Process ID: 8464
# Current directory: C:/Users/xolsia00/Desktop/git/project/de1-project/de1-project
# Command line: vivado.exe -gui_launcher_event rodinguilauncherevent1940 C:\Users\xolsia00\Desktop\git\project\de1-project\de1-project\de1-project.xpr
# Log file: C:/Users/xolsia00/Desktop/git/project/de1-project/de1-project/vivado.log
# Journal file: C:/Users/xolsia00/Desktop/git/project/de1-project/de1-project\vivado.jou
#-----------------------------------------------------------
start_gui
open_project C:/Users/xolsia00/Desktop/git/project/de1-project/de1-project/de1-project.xpr
INFO: [Project 1-313] Project file moved from 'C:/Users/237881/Desktop/de1-project/de1-project' since last save.
WARNING: [filemgmt 56-2] Default IP Output Path : Could not find the directory 'C:/Users/xolsia00/Desktop/git/project/de1-project/de1-project/de1-project.gen/sources_1', nor could it be found using path 'C:/Users/237881/Desktop/de1-project/de1-project/de1-project.gen/sources_1'.
WARNING: [filemgmt 56-2] IPUserFilesDir: Could not find the directory 'C:/Users/xolsia00/Desktop/git/project/de1-project/de1-project/de1-project.ip_user_files', nor could it be found using path 'C:/Users/237881/Desktop/de1-project/de1-project/de1-project.ip_user_files'.
Scanning sources...
Finished scanning sources
INFO: [IP_Flow 19-234] Refreshing IP repositories
INFO: [IP_Flow 19-1704] No user IP repositories specified
INFO: [IP_Flow 19-2313] Loaded Vivado IP repository 'C:/appz/Xilinx/Vivado/2020.2/data/ip'.
open_project: Time (s): cpu = 00:00:15 ; elapsed = 00:00:06 . Memory (MB): peak = 999.695 ; gain = 0.000
update_compile_order -fileset sources_1
update_compile_order -fileset sources_1
update_compile_order -fileset sources_1
update_compile_order -fileset sources_1
update_compile_order -fileset sources_1
update_compile_order -fileset sources_1
update_compile_order -fileset sources_1
close [ open C:/Users/xolsia00/Desktop/git/project/de1-project/de1-project/de1-project.srcs/sources_1/new/shift_register.vhd w ]
add_files C:/Users/xolsia00/Desktop/git/project/de1-project/de1-project/de1-project.srcs/sources_1/new/shift_register.vhd
update_compile_order -fileset sources_1
export_ip_user_files -of_objects  [get_files C:/Users/xolsia00/Desktop/git/project/de1-project/de1-project/de1-project.srcs/sources_1/new/decoder.vhd] -no_script -reset -force -quiet
remove_files  C:/Users/xolsia00/Desktop/git/project/de1-project/de1-project/de1-project.srcs/sources_1/new/decoder.vhd
close [ open C:/Users/xolsia00/Desktop/git/project/de1-project/de1-project/de1-project.srcs/sources_1/new/morse_decoder.vhd w ]
add_files C:/Users/xolsia00/Desktop/git/project/de1-project/de1-project/de1-project.srcs/sources_1/new/morse_decoder.vhd
update_compile_order -fileset sources_1
update_compile_order -fileset sources_1
exit
INFO: [Common 17-206] Exiting Vivado at Wed Apr 19 10:35:59 2023...
